<?xml version="1.0" encoding="UTF-8"?>
<!-- Generated by org.testng.reporters.JUnitReportReporter -->
<testsuite skipped="0" hostname="DESKTOP-SLOMTGP" name="practice.Progressbarstest" tests="1" failures="0" timestamp="19 Feb 2021 03:33:45 GMT" time="5.555" errors="0">
  <testcase name="test_progress" time="5.555" classname="practice.Progressbarstest"/>
</testsuite> <!-- practice.Progressbarstest -->
