<?xml version="1.0" encoding="UTF-8"?>
<!-- Generated by org.testng.reporters.JUnitReportReporter -->
<testsuite skipped="0" hostname="DESKTOP-SLOMTGP" name="util.Browser" tests="1" failures="0" timestamp="12 Feb 2021 20:42:24 GMT" time="5.490" errors="0">
  <testcase name="Homepage" time="5.490" classname="util.Browser"/>
</testsuite> <!-- util.Browser -->
