<?xml version="1.0" encoding="UTF-8"?>
<!-- Generated by org.testng.reporters.JUnitReportReporter -->
<testsuite skipped="0" hostname="DESKTOP-SLOMTGP" name="practice.Tabletest" tests="1" failures="0" timestamp="19 Feb 2021 18:17:46 GMT" time="5.403" errors="0">
  <testcase name="table_test" time="5.403" classname="practice.Tabletest"/>
</testsuite> <!-- practice.Tabletest -->
