<?xml version="1.0" encoding="UTF-8"?>
<!-- Generated by org.testng.reporters.JUnitReportReporter -->
<testsuite skipped="0" hostname="DESKTOP-SLOMTGP" name="practice.Alertsmodalstest" tests="1" failures="0" timestamp="19 Feb 2021 17:29:33 GMT" time="5.849" errors="0">
  <testcase name="alertsmodals" time="5.849" classname="practice.Alertsmodalstest"/>
</testsuite> <!-- practice.Alertsmodalstest -->
